2023-09-14 00:00:54,919 INFO m.Main [pool-3-thread-1] New element successfully added to collection
2023-09-14 00:01:03,368 INFO m.Main [pool-5-thread-2] Result sent to user. Message: New element successfully added to collection
2023-09-14 00:04:38,539 INFO m.Main [pool-4-thread-3] Incoming request from 2
2023-09-14 00:04:38,550 INFO m.Main [pool-3-thread-2] Command add executing started
2023-09-14 00:04:38,561 INFO m.Main [pool-3-thread-2] Запрос к бд insert into "MusicBands" ("name", "X-cord", "Y-cord", "creationDate", "participants", "BestAlbumName", "BestAlbumLength", "BestAlbumTracks", "BestAlbumSales", "GenreID", "OwnerLogin") values ('1', 1, 1.0, '11-11-1111', 1, '1', 1, 1, 1.0, 1, '2');
2023-09-14 20:03:36,201 INFO m.Main [pool-3-thread-2] New element successfully added to collection
2023-09-14 20:03:36,231 INFO m.Main [pool-5-thread-3] Result sent to user. Message: New element successfully added to collection
2023-09-14 20:03:40,729 INFO m.Main [Thread-0] ConnectionReceiver shutdown successfully
2023-09-14 20:03:40,733 INFO m.Main [Thread-0] InputController shutdown successfully
2023-09-14 20:03:40,733 INFO m.Main [Thread-0] ResultSender shutdown successfully
2023-09-14 20:03:40,733 INFO m.Main [Thread-0] Invoker shutdown successfully
2023-09-14 20:03:52,594 INFO m.Main [main] Listening started
2023-09-14 20:06:19,770 INFO m.Main [Thread-0] ConnectionReceiver shutdown successfully
2023-09-14 20:07:25,096 INFO m.Main [main] Listening started
2023-09-14 20:07:40,363 INFO m.Main [pool-4-thread-1] Incoming request from 1
2023-09-14 20:07:40,394 INFO m.Main [pool-4-thread-1] New user connected
2023-09-14 20:07:40,432 INFO m.Main [pool-5-thread-1] Result sent to user. Message: Вход выполнен успешно
2023-09-14 20:07:53,500 INFO m.Main [pool-4-thread-2] Incoming request from 1
2023-09-14 20:07:53,518 INFO m.Main [pool-3-thread-1] Command add executing started
2023-09-14 20:07:53,518 INFO m.Main [pool-3-thread-1] Запрос к бд insert into "MusicBands" ("name", "X-cord", "Y-cord", "creationDate", "participants", "BestAlbumName", "BestAlbumLength", "BestAlbumTracks", "BestAlbumSales", "GenreID", "OwnerLogin") values ('1', 1, 1.0, '11-11-1111', 1, '1', 1, 1, 1.0, 1, '1');
2023-09-14 20:07:53,553 INFO m.Main [pool-3-thread-1] New element successfully added to collection
2023-09-14 20:07:53,553 INFO m.Main [pool-5-thread-1] Result sent to user. Message: New element successfully added to collection
2023-09-14 20:07:56,478 INFO m.Main [pool-4-thread-3] Incoming request from 1
2023-09-14 20:07:56,478 INFO m.Main [pool-3-thread-1] Command show executing started
2023-09-14 20:07:56,478 INFO m.Main [pool-5-thread-1] Result sent to user. Message: Command executed successfully
2023-09-14 20:09:24,452 INFO m.Main [pool-4-thread-4] Incoming request from 1
2023-09-14 20:09:24,452 INFO m.Main [pool-3-thread-2] Command show executing started
2023-09-14 20:09:24,452 INFO m.Main [pool-5-thread-2] Result sent to user. Message: Command executed successfully
2023-09-14 20:09:40,193 INFO m.Main [pool-4-thread-5] Incoming request from 1
2023-09-14 20:09:40,193 INFO m.Main [pool-3-thread-2] Command add executing started
2023-09-14 20:09:40,193 INFO m.Main [pool-3-thread-2] Запрос к бд insert into "MusicBands" ("name", "X-cord", "Y-cord", "creationDate", "participants", "BestAlbumName", "BestAlbumLength", "BestAlbumTracks", "BestAlbumSales", "GenreID", "OwnerLogin") values ('1', 1, 1.0, '11-11-1111', 1, '1', 1, 1, 1.0, 1, '1');
2023-09-14 20:09:40,210 INFO m.Main [pool-3-thread-2] New element successfully added to collection
2023-09-14 20:09:40,210 INFO m.Main [pool-5-thread-2] Result sent to user. Message: New element successfully added to collection
2023-09-14 20:09:42,497 INFO m.Main [pool-4-thread-6] Incoming request from 1
2023-09-14 20:09:42,497 INFO m.Main [pool-3-thread-2] Command show executing started
2023-09-14 20:09:42,497 INFO m.Main [pool-5-thread-2] Result sent to user. Message: Command executed successfully
2023-09-14 20:16:35,036 INFO m.Main [Thread-0] ConnectionReceiver shutdown successfully
2023-09-14 20:16:35,036 INFO m.Main [Thread-0] InputController shutdown successfully
2023-09-14 20:16:35,036 INFO m.Main [Thread-0] ResultSender shutdown successfully
2023-09-14 20:16:35,036 INFO m.Main [Thread-0] Invoker shutdown successfully
2023-09-14 20:16:44,528 INFO m.Main [main] Listening started
2023-09-14 20:17:02,111 INFO m.Main [pool-4-thread-1] Incoming request from 1
2023-09-14 20:17:02,121 INFO m.Main [pool-3-thread-1] Command add executing started
2023-09-14 20:17:02,124 INFO m.Main [pool-3-thread-1] Запрос к бд insert into "MusicBands" ("name", "X-cord", "Y-cord", "creationDate", "participants", "BestAlbumName", "BestAlbumLength", "BestAlbumTracks", "BestAlbumSales", "GenreID", "OwnerLogin") values ('1', 1, 1.0, '11-11-1111', 12, '12', 12, 12, 12.0, 1, '1');
2023-09-14 20:17:02,132 INFO m.Main [pool-3-thread-1] New element successfully added to collection
2023-09-14 20:17:02,138 INFO m.Main [pool-5-thread-1] Result sent to user. Message: New element successfully added to collection
2023-09-14 20:17:07,523 INFO m.Main [pool-4-thread-2] Incoming request from 1
2023-09-14 20:17:07,525 INFO m.Main [pool-3-thread-1] Command show executing started
2023-09-14 20:17:07,528 INFO m.Main [pool-5-thread-1] Result sent to user. Message: Command executed successfully
2023-09-14 20:18:30,544 INFO m.Main [Thread-0] ConnectionReceiver shutdown successfully
2023-09-14 20:18:30,544 INFO m.Main [Thread-0] InputController shutdown successfully
2023-09-14 20:18:30,544 INFO m.Main [Thread-0] ResultSender shutdown successfully
2023-09-14 20:18:30,544 INFO m.Main [Thread-0] Invoker shutdown successfully
2023-09-14 20:24:43,595 INFO m.Main [main] Listening started
2023-09-14 20:26:03,270 INFO m.Main [pool-4-thread-1] Incoming request from 1
2023-09-14 20:26:03,284 INFO m.Main [pool-3-thread-1] Command show executing started
2023-09-14 20:26:03,313 INFO m.Main [pool-5-thread-1] Result sent to user. Message: Command executed successfully
2023-09-14 20:26:40,143 INFO m.Main [pool-4-thread-2] Incoming request from 1
2023-09-14 20:26:40,147 INFO m.Main [pool-3-thread-1] Command add executing started
2023-09-14 20:26:40,151 INFO m.Main [pool-3-thread-1] Запрос к бд insert into "MusicBands" ("name", "X-cord", "Y-cord", "creationDate", "participants", "BestAlbumName", "BestAlbumLength", "BestAlbumTracks", "BestAlbumSales", "GenreID", "OwnerLogin") values ('1', 1, 1.0, '11-11-1111', 1, '1', 1, 1, 1.0, 1, '1');
2023-09-14 20:26:40,163 INFO m.Main [pool-3-thread-1] New element successfully added to collection
2023-09-14 20:26:40,165 INFO m.Main [pool-5-thread-1] Result sent to user. Message: New element successfully added to collection
2023-09-14 20:26:43,822 INFO m.Main [pool-4-thread-3] Incoming request from 1
2023-09-14 20:26:43,828 INFO m.Main [pool-3-thread-1] Command show executing started
2023-09-14 20:26:43,832 INFO m.Main [pool-5-thread-1] Result sent to user. Message: Command executed successfully
2023-09-14 20:27:01,148 INFO m.Main [pool-4-thread-4] Incoming request from 1
2023-09-14 20:27:01,149 INFO m.Main [pool-3-thread-1] Command add executing started
2023-09-14 20:27:01,150 INFO m.Main [pool-3-thread-1] Запрос к бд insert into "MusicBands" ("name", "X-cord", "Y-cord", "creationDate", "participants", "BestAlbumName", "BestAlbumLength", "BestAlbumTracks", "BestAlbumSales", "GenreID", "OwnerLogin") values ('12', 12, 12.0, '12-12-1212', 12, '12', 12, 12, 12.0, 1, '1');
2023-09-14 20:27:01,154 INFO m.Main [pool-3-thread-1] New element successfully added to collection
2023-09-14 20:27:01,155 INFO m.Main [pool-5-thread-1] Result sent to user. Message: New element successfully added to collection
2023-09-14 20:27:03,335 INFO m.Main [pool-4-thread-5] Incoming request from 1
2023-09-14 20:27:03,337 INFO m.Main [pool-3-thread-1] Command show executing started
2023-09-14 20:27:03,339 INFO m.Main [pool-5-thread-1] Result sent to user. Message: Command executed successfully
2023-09-14 20:27:19,623 INFO m.Main [Thread-0] ConnectionReceiver shutdown successfully
2023-09-14 20:27:19,624 INFO m.Main [Thread-0] InputController shutdown successfully
2023-09-14 20:27:19,624 INFO m.Main [Thread-0] ResultSender shutdown successfully
2023-09-14 20:27:19,625 INFO m.Main [Thread-0] Invoker shutdown successfully
2023-09-14 20:29:55,659 INFO m.Main [main] Listening started
2023-09-14 20:30:17,722 INFO m.Main [pool-4-thread-1] Incoming request from 1
2023-09-14 20:30:17,722 INFO m.Main [pool-4-thread-1] New user connected
2023-09-14 20:30:17,776 INFO m.Main [pool-5-thread-1] Result sent to user. Message: Вход выполнен успешно
2023-09-14 20:30:21,333 INFO m.Main [pool-4-thread-2] Incoming request from 1
2023-09-14 20:30:21,337 INFO m.Main [pool-3-thread-1] Command show executing started
2023-09-14 20:30:21,342 INFO m.Main [pool-5-thread-1] Result sent to user. Message: Command executed successfully
2023-09-14 20:30:55,316 INFO m.Main [pool-4-thread-3] Incoming request from 1
2023-09-14 20:30:55,317 INFO m.Main [pool-4-thread-3] New user connected
2023-09-14 20:30:55,323 WARN m.Main [pool-5-thread-1] Сообщение очень большое, временно увеличен размер отправляемых сообщений с10915 до 10915
2023-09-14 20:30:55,323 INFO m.Main [pool-5-thread-1] Result sent to user. Message: Вход выполнен успешно
2023-09-14 20:30:58,612 INFO m.Main [pool-4-thread-4] Incoming request from 1
2023-09-14 20:30:58,612 INFO m.Main [pool-3-thread-1] Command show executing started
2023-09-14 20:30:58,620 INFO m.Main [pool-5-thread-1] Result sent to user. Message: Command executed successfully
2023-09-14 20:31:41,229 INFO m.Main [Thread-0] ConnectionReceiver shutdown successfully
2023-09-14 20:31:41,230 INFO m.Main [Thread-0] InputController shutdown successfully
2023-09-14 20:31:47,376 INFO m.Main [main] Listening started
2023-09-14 20:33:17,280 INFO m.Main [pool-4-thread-1] Incoming request from 1
2023-09-14 20:33:17,298 INFO m.Main [pool-3-thread-1] Command show executing started
2023-09-14 20:34:36,468 INFO m.Main [pool-5-thread-1] Result sent to user. Message: Command executed successfully
2023-09-14 20:34:58,562 INFO m.Main [pool-4-thread-2] Incoming request from 1
2023-09-14 20:36:30,373 INFO m.Main [pool-3-thread-1] Command show executing started
2023-09-14 20:37:48,317 INFO m.Main [pool-5-thread-2] Result sent to user. Message: Command executed successfully
2023-09-14 20:39:32,506 INFO m.Main [pool-4-thread-3] Incoming request from 1
2023-09-14 20:39:32,530 INFO m.Main [pool-4-thread-3] New user connected
2023-09-14 20:39:32,654 WARN m.Main [pool-5-thread-3] Сообщение очень большое, временно увеличен размер отправляемых сообщений с10915 до 10915
2023-09-14 20:39:32,654 INFO m.Main [pool-5-thread-3] Result sent to user. Message: Вход выполнен успешно
2023-09-14 20:39:35,101 INFO m.Main [pool-4-thread-4] Incoming request from 1
2023-09-14 20:39:35,101 INFO m.Main [pool-3-thread-2] Command show executing started
2023-09-14 20:39:39,796 INFO m.Main [pool-5-thread-3] Result sent to user. Message: Command executed successfully
2023-09-14 20:39:52,629 INFO m.Main [pool-4-thread-5] Incoming request from 1
2023-09-14 20:39:52,638 INFO m.Main [pool-3-thread-2] Command info executing started
2023-09-14 20:39:52,659 INFO m.Main [pool-5-thread-3] Result sent to user. Message: Command executed successfully
2023-09-14 20:40:59,599 INFO m.Main [pool-4-thread-6] Incoming request from 1
2023-09-14 20:40:59,615 INFO m.Main [pool-4-thread-6] New user connected
2023-09-14 20:40:59,631 WARN m.Main [pool-5-thread-4] Сообщение очень большое, временно увеличен размер отправляемых сообщений с10915 до 10915
2023-09-14 20:40:59,646 INFO m.Main [pool-5-thread-4] Result sent to user. Message: Вход выполнен успешно
2023-09-14 20:41:21,300 INFO m.Main [pool-4-thread-7] Incoming request from 1
2023-09-14 20:41:21,316 INFO m.Main [pool-3-thread-3] Command add executing started
2023-09-14 20:41:21,323 INFO m.Main [pool-3-thread-3] Запрос к бд insert into "MusicBands" ("name", "X-cord", "Y-cord", "creationDate", "participants", "BestAlbumName", "BestAlbumLength", "BestAlbumTracks", "BestAlbumSales", "GenreID", "OwnerLogin") values ('1', 1, 12.0, '11-11-1111', 1, '1', 1, 1, 1.0, 1, '1');
2023-09-14 20:41:21,354 INFO m.Main [pool-3-thread-3] New element successfully added to collection
2023-09-14 20:41:21,354 INFO m.Main [pool-5-thread-4] Result sent to user. Message: New element successfully added to collection
2023-09-14 20:41:30,901 INFO m.Main [pool-4-thread-8] Incoming request from 1
2023-09-14 20:41:30,906 INFO m.Main [pool-3-thread-3] Command show executing started
2023-09-14 20:41:33,263 INFO m.Main [pool-5-thread-4] Result sent to user. Message: Command executed successfully
2023-09-14 20:42:02,692 INFO m.Main [pool-4-thread-9] Incoming request from 1
2023-09-14 20:42:02,707 INFO m.Main [pool-3-thread-3] Command count_by_best_album executing started
2023-09-14 20:42:02,722 INFO m.Main [pool-5-thread-4] Result sent to user. Message: Number of elements with best album equal to common.Album{name='1', tracks=12, length=1, sales=12.0} is 0
2023-09-14 20:42:13,777 INFO m.Main [pool-4-thread-10] Incoming request from 1
2023-09-14 20:42:13,779 INFO m.Main [pool-3-thread-3] Command clear executing started
2023-09-14 20:42:13,808 INFO m.Main [pool-3-thread-3] User 1 elements of collection cleared
2023-09-14 20:42:13,808 INFO m.Main [pool-5-thread-4] Result sent to user. Message: Your elements of collection successfully cleared
2023-09-14 20:42:16,439 INFO m.Main [pool-4-thread-11] Incoming request from 1
2023-09-14 20:42:16,448 INFO m.Main [pool-3-thread-3] Command show executing started
2023-09-14 20:42:18,611 INFO m.Main [pool-5-thread-4] Result sent to user. Message: Command executed successfully
2023-09-14 20:42:45,439 INFO m.Main [pool-4-thread-12] Incoming request from 1
2023-09-14 20:42:45,446 INFO m.Main [pool-3-thread-3] Command clear executing started
2023-09-14 20:42:45,451 INFO m.Main [pool-3-thread-3] User 1 elements of collection cleared
2023-09-14 20:42:45,454 INFO m.Main [pool-5-thread-4] Result sent to user. Message: Your elements of collection successfully cleared
2023-09-14 20:42:47,407 INFO m.Main [pool-4-thread-13] Incoming request from 1
2023-09-14 20:42:47,417 INFO m.Main [pool-3-thread-3] Command show executing started
2023-09-14 20:42:51,111 INFO m.Main [pool-5-thread-4] Result sent to user. Message: Command executed successfully
2023-09-14 20:42:51,164 INFO m.Main [Thread-0] ConnectionReceiver shutdown successfully
2023-09-14 20:42:51,164 INFO m.Main [Thread-0] InputController shutdown successfully
2023-09-14 20:42:51,166 INFO m.Main [Thread-0] ResultSender shutdown successfully
2023-09-14 20:42:51,166 INFO m.Main [Thread-0] Invoker shutdown successfully
2023-09-14 20:42:57,678 INFO m.Main [main] Listening started
2023-09-14 20:43:06,181 INFO m.Main [pool-4-thread-1] Incoming request from 1
2023-09-14 20:43:06,191 INFO m.Main [pool-3-thread-1] Command clear executing started
2023-09-14 20:43:06,199 INFO m.Main [pool-3-thread-1] User 1 elements of collection cleared
2023-09-14 20:43:06,206 INFO m.Main [pool-5-thread-1] Result sent to user. Message: Your elements of collection successfully cleared
2023-09-14 20:43:09,049 INFO m.Main [pool-4-thread-2] Incoming request from 1
2023-09-14 20:43:09,049 INFO m.Main [pool-3-thread-1] Command show executing started
2023-09-14 20:43:09,065 INFO m.Main [pool-5-thread-1] Result sent to user. Message: Command executed successfully
2023-09-14 20:43:10,992 INFO m.Main [pool-4-thread-3] Incoming request from 1
2023-09-14 20:43:10,992 INFO m.Main [pool-3-thread-1] Command show executing started
2023-09-14 20:43:10,992 INFO m.Main [pool-5-thread-1] Result sent to user. Message: Command executed successfully
2023-09-14 20:43:12,775 INFO m.Main [pool-4-thread-4] Incoming request from 1
2023-09-14 20:43:12,775 INFO m.Main [pool-3-thread-1] Command show executing started
2023-09-14 20:43:12,775 INFO m.Main [pool-5-thread-1] Result sent to user. Message: Command executed successfully
2023-09-14 20:43:14,117 INFO m.Main [pool-4-thread-5] Incoming request from 1
2023-09-14 20:43:14,117 INFO m.Main [pool-3-thread-1] Command show executing started
2023-09-14 20:43:14,117 INFO m.Main [pool-5-thread-1] Result sent to user. Message: Command executed successfully
2023-09-14 20:43:15,716 INFO m.Main [pool-4-thread-6] Incoming request from 1
2023-09-14 20:43:15,716 INFO m.Main [pool-3-thread-1] Command show executing started
2023-09-14 20:43:15,716 INFO m.Main [pool-5-thread-1] Result sent to user. Message: Command executed successfully
2023-09-14 20:43:19,774 INFO m.Main [pool-4-thread-7] Incoming request from 1
2023-09-14 20:43:19,774 INFO m.Main [pool-3-thread-1] Command clear executing started
2023-09-14 20:43:19,774 INFO m.Main [pool-3-thread-1] User 1 elements of collection cleared
2023-09-14 20:43:19,774 INFO m.Main [pool-5-thread-1] Result sent to user. Message: Your elements of collection successfully cleared
2023-09-14 20:43:23,080 INFO m.Main [pool-4-thread-8] Incoming request from 1
2023-09-14 20:43:23,080 INFO m.Main [pool-3-thread-1] Command show executing started
2023-09-14 20:43:23,080 INFO m.Main [pool-5-thread-1] Result sent to user. Message: Command executed successfully
2023-09-14 20:44:27,749 INFO m.Main [pool-4-thread-9] Incoming request from 1
2023-09-14 20:44:27,749 INFO m.Main [pool-3-thread-2] Command clear executing started
2023-09-14 20:44:27,749 INFO m.Main [pool-3-thread-2] User 1 elements of collection cleared
2023-09-14 20:44:27,749 INFO m.Main [pool-5-thread-2] Result sent to user. Message: Your elements of collection successfully cleared
2023-09-14 20:44:30,305 INFO m.Main [pool-4-thread-10] Incoming request from 1
2023-09-14 20:44:30,305 INFO m.Main [pool-3-thread-2] Command show executing started
2023-09-14 20:44:30,305 INFO m.Main [pool-5-thread-2] Result sent to user. Message: Command executed successfully
2023-09-14 20:50:52,180 INFO m.Main [pool-4-thread-11] Incoming request from 1
2023-09-14 20:50:52,185 INFO m.Main [pool-3-thread-3] Command update executing started
2023-09-14 20:50:52,193 INFO m.Main [pool-5-thread-3] Result sent to user. Message: You aren't owning element with such id
2023-09-14 20:51:24,313 INFO m.Main [pool-4-thread-12] Incoming request from 1
2023-09-14 20:51:24,313 INFO m.Main [pool-3-thread-3] Command max_by_best_album executing started
2023-09-14 20:51:24,328 INFO m.Main [pool-5-thread-3] Result sent to user. Message: Command executed successfully
2023-09-14 20:52:09,665 INFO m.Main [pool-4-thread-13] Incoming request from 1
2023-09-14 20:52:09,665 INFO m.Main [pool-3-thread-3] Command remove_greater executing started
2023-09-14 20:52:09,680 INFO m.Main [pool-5-thread-3] Result sent to user. Message: 0/0 elements removed
